2023-09-24T10:43:31.209+05:30  INFO 13436 --- [main] c.r.EmailServiceApplication              : Starting EmailServiceApplication using Java 17.0.7 with PID 13436 (C:\Users\Janhavi Mudaliar\Documents\FinalProject\latestbackend-master\email-service\target\classes started by Janhavi Mudaliar in C:\Users\Janhavi Mudaliar\Documents\FinalProject\latestbackend-master\email-service)
2023-09-24T10:43:31.221+05:30  INFO 13436 --- [main] c.r.EmailServiceApplication              : No active profile set, falling back to 1 default profile: "default"
2023-09-24T10:43:31.593+05:30  INFO 13436 --- [main] .s.d.r.c.RepositoryConfigurationDelegate : Bootstrapping Spring Data MongoDB repositories in DEFAULT mode.
2023-09-24T10:43:31.635+05:30  INFO 13436 --- [main] .s.d.r.c.RepositoryConfigurationDelegate : Finished Spring Data repository scanning in 38 ms. Found 1 MongoDB repository interfaces.
2023-09-24T10:43:32.179+05:30  INFO 13436 --- [main] o.s.b.w.e.t.TomcatWebServer              : Tomcat initialized with port(s): 8084 (http)
2023-09-24T10:43:32.191+05:30  INFO 13436 --- [main] o.a.c.c.StandardService                  : Starting service [Tomcat]
2023-09-24T10:43:32.191+05:30  INFO 13436 --- [main] o.a.c.c.StandardEngine                   : Starting Servlet engine: [Apache Tomcat/10.1.12]
2023-09-24T10:43:32.288+05:30  INFO 13436 --- [main] o.a.c.c.C.[.[.[/]                        : Initializing Spring embedded WebApplicationContext
2023-09-24T10:43:32.288+05:30  INFO 13436 --- [main] w.s.c.ServletWebServerApplicationContext : Root WebApplicationContext: initialization completed in 1012 ms
2023-09-24T10:43:32.512+05:30  INFO 13436 --- [cluster-ClusterId{value='650fc57cc89d900d1bb1d45b', description='null'}-srv-cluster0.6b5zu4b.mongodb.net] o.m.d.cluster                            : Adding discovered server ac-uvk488i-shard-00-02.6b5zu4b.mongodb.net:27017 to client view of cluster
2023-09-24T10:43:32.537+05:30  INFO 13436 --- [main] o.m.d.client                             : MongoClient with metadata {"driver": {"name": "mongo-java-driver|sync|spring-boot", "version": "4.9.1"}, "os": {"type": "Windows", "name": "Windows 11", "architecture": "amd64", "version": "10.0"}, "platform": "Java/Eclipse Adoptium/17.0.7+7"} created with settings MongoClientSettings{readPreference=primary, writeConcern=WriteConcern{w=majority, wTimeout=null ms, journal=null}, retryWrites=true, retryReads=true, readConcern=ReadConcern{level=null}, credential=MongoCredential{mechanism=null, userName='Group2', source='admin', password=<hidden>, mechanismProperties=<hidden>}, streamFactoryFactory=null, commandListeners=[com.dynatrace.agent.introspection.mongodbevent.SensorCommandListener@11e71181, com.dynatrace.agent.introspection.mongodbevent.SensorCommandListener@342beaf6], codecRegistry=ProvidersCodecRegistry{codecProviders=[ValueCodecProvider{}, BsonValueCodecProvider{}, DBRefCodecProvider{}, DBObjectCodecProvider{}, DocumentCodecProvider{}, CollectionCodecProvider{}, IterableCodecProvider{}, MapCodecProvider{}, GeoJsonCodecProvider{}, GridFSFileCodecProvider{}, Jsr310CodecProvider{}, JsonObjectCodecProvider{}, BsonCodecProvider{}, EnumCodecProvider{}, com.mongodb.client.model.mql.ExpressionCodecProvider@222acad, com.mongodb.Jep395RecordCodecProvider@56cfe6be]}, loggerSettings=LoggerSettings{maxDocumentLength=1000}, clusterSettings={hosts=[127.0.0.1:27017], srvHost=cluster0.6b5zu4b.mongodb.net, srvServiceName=mongodb, mode=MULTIPLE, requiredClusterType=REPLICA_SET, requiredReplicaSetName='atlas-5ir4bi-shard-0', serverSelector='null', clusterListeners='[]', serverSelectionTimeout='30000 ms', localThreshold='30000 ms'}, socketSettings=SocketSettings{connectTimeoutMS=10000, readTimeoutMS=0, receiveBufferSize=0, sendBufferSize=0}, heartbeatSocketSettings=SocketSettings{connectTimeoutMS=10000, readTimeoutMS=10000, receiveBufferSize=0, sendBufferSize=0}, connectionPoolSettings=ConnectionPoolSettings{maxSize=100, minSize=0, maxWaitTimeMS=120000, maxConnectionLifeTimeMS=0, maxConnectionIdleTimeMS=0, maintenanceInitialDelayMS=0, maintenanceFrequencyMS=60000, connectionPoolListeners=[], maxConnecting=2}, serverSettings=ServerSettings{heartbeatFrequencyMS=10000, minHeartbeatFrequencyMS=500, serverListeners='[]', serverMonitorListeners='[]'}, sslSettings=SslSettings{enabled=true, invalidHostNameAllowed=false, context=null}, applicationName='null', compressorList=[], uuidRepresentation=JAVA_LEGACY, serverApi=null, autoEncryptionSettings=null, contextProvider=null}
2023-09-24T10:43:32.541+05:30  INFO 13436 --- [cluster-ClusterId{value='650fc57cc89d900d1bb1d45b', description='null'}-srv-cluster0.6b5zu4b.mongodb.net] o.m.d.cluster                            : Adding discovered server ac-uvk488i-shard-00-00.6b5zu4b.mongodb.net:27017 to client view of cluster
2023-09-24T10:43:32.545+05:30  INFO 13436 --- [cluster-ClusterId{value='650fc57cc89d900d1bb1d45b', description='null'}-srv-cluster0.6b5zu4b.mongodb.net] o.m.d.cluster                            : Adding discovered server ac-uvk488i-shard-00-01.6b5zu4b.mongodb.net:27017 to client view of cluster
2023-09-24T10:43:33.473+05:30  INFO 13436 --- [main] o.s.b.w.e.t.TomcatWebServer              : Tomcat started on port(s): 8084 (http) with context path ''
2023-09-24T10:43:33.526+05:30  INFO 13436 --- [main] o.a.k.c.c.ConsumerConfig                 : ConsumerConfig values: 
	allow.auto.create.topics = true
	auto.commit.interval.ms = 5000
	auto.include.jmx.reporter = true
	auto.offset.reset = earliest
	bootstrap.servers = [localhost:9092]
	check.crcs = true
	client.dns.lookup = use_all_dns_ips
	client.id = consumer-email-1
	client.rack = 
	connections.max.idle.ms = 540000
	default.api.timeout.ms = 60000
	enable.auto.commit = false
	exclude.internal.topics = true
	fetch.max.bytes = 52428800
	fetch.max.wait.ms = 500
	fetch.min.bytes = 1
	group.id = email
	group.instance.id = null
	heartbeat.interval.ms = 3000
	interceptor.classes = []
	internal.leave.group.on.close = true
	internal.throw.on.fetch.stable.offset.unsupported = false
	isolation.level = read_uncommitted
	key.deserializer = class org.apache.kafka.common.serialization.StringDeserializer
	max.partition.fetch.bytes = 1048576
	max.poll.interval.ms = 300000
	max.poll.records = 500
	metadata.max.age.ms = 300000
	metric.reporters = []
	metrics.num.samples = 2
	metrics.recording.level = INFO
	metrics.sample.window.ms = 30000
	partition.assignment.strategy = [class org.apache.kafka.clients.consumer.RangeAssignor, class org.apache.kafka.clients.consumer.CooperativeStickyAssignor]
	receive.buffer.bytes = 65536
	reconnect.backoff.max.ms = 1000
	reconnect.backoff.ms = 50
	request.timeout.ms = 30000
	retry.backoff.ms = 100
	sasl.client.callback.handler.class = null
	sasl.jaas.config = null
	sasl.kerberos.kinit.cmd = /usr/bin/kinit
	sasl.kerberos.min.time.before.relogin = 60000
	sasl.kerberos.service.name = null
	sasl.kerberos.ticket.renew.jitter = 0.05
	sasl.kerberos.ticket.renew.window.factor = 0.8
	sasl.login.callback.handler.class = null
	sasl.login.class = null
	sasl.login.connect.timeout.ms = null
	sasl.login.read.timeout.ms = null
	sasl.login.refresh.buffer.seconds = 300
	sasl.login.refresh.min.period.seconds = 60
	sasl.login.refresh.window.factor = 0.8
	sasl.login.refresh.window.jitter = 0.05
	sasl.login.retry.backoff.max.ms = 10000
	sasl.login.retry.backoff.ms = 100
	sasl.mechanism = GSSAPI
	sasl.oauthbearer.clock.skew.seconds = 30
	sasl.oauthbearer.expected.audience = null
	sasl.oauthbearer.expected.issuer = null
	sasl.oauthbearer.jwks.endpoint.refresh.ms = 3600000
	sasl.oauthbearer.jwks.endpoint.retry.backoff.max.ms = 10000
	sasl.oauthbearer.jwks.endpoint.retry.backoff.ms = 100
	sasl.oauthbearer.jwks.endpoint.url = null
	sasl.oauthbearer.scope.claim.name = scope
	sasl.oauthbearer.sub.claim.name = sub
	sasl.oauthbearer.token.endpoint.url = null
	security.protocol = PLAINTEXT
	security.providers = null
	send.buffer.bytes = 131072
	session.timeout.ms = 45000
	socket.connection.setup.timeout.max.ms = 30000
	socket.connection.setup.timeout.ms = 10000
	ssl.cipher.suites = null
	ssl.enabled.protocols = [TLSv1.2, TLSv1.3]
	ssl.endpoint.identification.algorithm = https
	ssl.engine.factory.class = null
	ssl.key.password = null
	ssl.keymanager.algorithm = SunX509
	ssl.keystore.certificate.chain = null
	ssl.keystore.key = null
	ssl.keystore.location = null
	ssl.keystore.password = null
	ssl.keystore.type = JKS
	ssl.protocol = TLSv1.3
	ssl.provider = null
	ssl.secure.random.implementation = null
	ssl.trustmanager.algorithm = PKIX
	ssl.truststore.certificates = null
	ssl.truststore.location = null
	ssl.truststore.password = null
	ssl.truststore.type = JKS
	value.deserializer = class org.springframework.kafka.support.serializer.JsonDeserializer

2023-09-24T10:43:33.633+05:30  INFO 13436 --- [cluster-ClusterId{value='650fc57cc89d900d1bb1d45b', description='null'}-ac-uvk488i-shard-00-00.6b5zu4b.mongodb.net:27017] o.m.d.cluster                            : Monitor thread successfully connected to server with description ServerDescription{address=ac-uvk488i-shard-00-00.6b5zu4b.mongodb.net:27017, type=REPLICA_SET_SECONDARY, state=CONNECTED, ok=true, minWireVersion=0, maxWireVersion=17, maxDocumentSize=16777216, logicalSessionTimeoutMinutes=30, roundTripTimeNanos=606127300, setName='atlas-5ir4bi-shard-0', canonicalAddress=ac-uvk488i-shard-00-00.6b5zu4b.mongodb.net:27017, hosts=[ac-uvk488i-shard-00-01.6b5zu4b.mongodb.net:27017, ac-uvk488i-shard-00-02.6b5zu4b.mongodb.net:27017, ac-uvk488i-shard-00-00.6b5zu4b.mongodb.net:27017], passives=[], arbiters=[], primary='ac-uvk488i-shard-00-01.6b5zu4b.mongodb.net:27017', tagSet=TagSet{[Tag{name='nodeType', value='ELECTABLE'}, Tag{name='provider', value='AWS'}, Tag{name='region', value='US_EAST_1'}, Tag{name='workloadType', value='OPERATIONAL'}]}, electionId=null, setVersion=1, topologyVersion=TopologyVersion{processId=65064fcb9a28c8941edfae97, counter=4}, lastWriteDate=Sun Sep 24 10:43:33 IST 2023, lastUpdateTimeNanos=1355461152709200}
2023-09-24T10:43:33.646+05:30  INFO 13436 --- [main] o.a.k.c.u.AppInfoParser                  : Kafka version: 3.4.1
2023-09-24T10:43:33.646+05:30  INFO 13436 --- [main] o.a.k.c.u.AppInfoParser                  : Kafka commitId: 8a516edc2755df89
2023-09-24T10:43:33.646+05:30  INFO 13436 --- [main] o.a.k.c.u.AppInfoParser                  : Kafka startTimeMs: 1695532413641
2023-09-24T10:43:33.647+05:30  INFO 13436 --- [cluster-ClusterId{value='650fc57cc89d900d1bb1d45b', description='null'}-ac-uvk488i-shard-00-01.6b5zu4b.mongodb.net:27017] o.m.d.cluster                            : Monitor thread successfully connected to server with description ServerDescription{address=ac-uvk488i-shard-00-01.6b5zu4b.mongodb.net:27017, type=REPLICA_SET_PRIMARY, state=CONNECTED, ok=true, minWireVersion=0, maxWireVersion=17, maxDocumentSize=16777216, logicalSessionTimeoutMinutes=30, roundTripTimeNanos=577907600, setName='atlas-5ir4bi-shard-0', canonicalAddress=ac-uvk488i-shard-00-01.6b5zu4b.mongodb.net:27017, hosts=[ac-uvk488i-shard-00-01.6b5zu4b.mongodb.net:27017, ac-uvk488i-shard-00-02.6b5zu4b.mongodb.net:27017, ac-uvk488i-shard-00-00.6b5zu4b.mongodb.net:27017], passives=[], arbiters=[], primary='ac-uvk488i-shard-00-01.6b5zu4b.mongodb.net:27017', tagSet=TagSet{[Tag{name='nodeType', value='ELECTABLE'}, Tag{name='provider', value='AWS'}, Tag{name='region', value='US_EAST_1'}, Tag{name='workloadType', value='OPERATIONAL'}]}, electionId=7fffffff0000000000000007, setVersion=1, topologyVersion=TopologyVersion{processId=65065150f80f39dc53d22feb, counter=6}, lastWriteDate=Sun Sep 24 10:43:33 IST 2023, lastUpdateTimeNanos=1355461168821400}
2023-09-24T10:43:33.647+05:30  INFO 13436 --- [cluster-ClusterId{value='650fc57cc89d900d1bb1d45b', description='null'}-ac-uvk488i-shard-00-01.6b5zu4b.mongodb.net:27017] o.m.d.cluster                            : Discovered replica set primary ac-uvk488i-shard-00-01.6b5zu4b.mongodb.net:27017 with max election id 7fffffff0000000000000007 and max set version 1
2023-09-24T10:43:33.652+05:30  INFO 13436 --- [main] o.a.k.c.c.KafkaConsumer                  : [Consumer clientId=consumer-email-1, groupId=email] Subscribed to topic(s): bulk_notification
2023-09-24T10:43:33.655+05:30  INFO 13436 --- [cluster-ClusterId{value='650fc57cc89d900d1bb1d45b', description='null'}-ac-uvk488i-shard-00-02.6b5zu4b.mongodb.net:27017] o.m.d.cluster                            : Monitor thread successfully connected to server with description ServerDescription{address=ac-uvk488i-shard-00-02.6b5zu4b.mongodb.net:27017, type=REPLICA_SET_SECONDARY, state=CONNECTED, ok=true, minWireVersion=0, maxWireVersion=17, maxDocumentSize=16777216, logicalSessionTimeoutMinutes=30, roundTripTimeNanos=576403200, setName='atlas-5ir4bi-shard-0', canonicalAddress=ac-uvk488i-shard-00-02.6b5zu4b.mongodb.net:27017, hosts=[ac-uvk488i-shard-00-01.6b5zu4b.mongodb.net:27017, ac-uvk488i-shard-00-02.6b5zu4b.mongodb.net:27017, ac-uvk488i-shard-00-00.6b5zu4b.mongodb.net:27017], passives=[], arbiters=[], primary='ac-uvk488i-shard-00-01.6b5zu4b.mongodb.net:27017', tagSet=TagSet{[Tag{name='nodeType', value='ELECTABLE'}, Tag{name='provider', value='AWS'}, Tag{name='region', value='US_EAST_1'}, Tag{name='workloadType', value='OPERATIONAL'}]}, electionId=null, setVersion=1, topologyVersion=TopologyVersion{processId=65065233a55fe9021aafebe6, counter=3}, lastWriteDate=Sun Sep 24 10:43:33 IST 2023, lastUpdateTimeNanos=1355461177096900}
2023-09-24T10:43:33.664+05:30  INFO 13436 --- [main] o.a.k.c.c.ConsumerConfig                 : ConsumerConfig values: 
	allow.auto.create.topics = true
	auto.commit.interval.ms = 5000
	auto.include.jmx.reporter = true
	auto.offset.reset = earliest
	bootstrap.servers = [localhost:9092]
	check.crcs = true
	client.dns.lookup = use_all_dns_ips
	client.id = consumer-email-2
	client.rack = 
	connections.max.idle.ms = 540000
	default.api.timeout.ms = 60000
	enable.auto.commit = false
	exclude.internal.topics = true
	fetch.max.bytes = 52428800
	fetch.max.wait.ms = 500
	fetch.min.bytes = 1
	group.id = email
	group.instance.id = null
	heartbeat.interval.ms = 3000
	interceptor.classes = []
	internal.leave.group.on.close = true
	internal.throw.on.fetch.stable.offset.unsupported = false
	isolation.level = read_uncommitted
	key.deserializer = class org.apache.kafka.common.serialization.StringDeserializer
	max.partition.fetch.bytes = 1048576
	max.poll.interval.ms = 300000
	max.poll.records = 500
	metadata.max.age.ms = 300000
	metric.reporters = []
	metrics.num.samples = 2
	metrics.recording.level = INFO
	metrics.sample.window.ms = 30000
	partition.assignment.strategy = [class org.apache.kafka.clients.consumer.RangeAssignor, class org.apache.kafka.clients.consumer.CooperativeStickyAssignor]
	receive.buffer.bytes = 65536
	reconnect.backoff.max.ms = 1000
	reconnect.backoff.ms = 50
	request.timeout.ms = 30000
	retry.backoff.ms = 100
	sasl.client.callback.handler.class = null
	sasl.jaas.config = null
	sasl.kerberos.kinit.cmd = /usr/bin/kinit
	sasl.kerberos.min.time.before.relogin = 60000
	sasl.kerberos.service.name = null
	sasl.kerberos.ticket.renew.jitter = 0.05
	sasl.kerberos.ticket.renew.window.factor = 0.8
	sasl.login.callback.handler.class = null
	sasl.login.class = null
	sasl.login.connect.timeout.ms = null
	sasl.login.read.timeout.ms = null
	sasl.login.refresh.buffer.seconds = 300
	sasl.login.refresh.min.period.seconds = 60
	sasl.login.refresh.window.factor = 0.8
	sasl.login.refresh.window.jitter = 0.05
	sasl.login.retry.backoff.max.ms = 10000
	sasl.login.retry.backoff.ms = 100
	sasl.mechanism = GSSAPI
	sasl.oauthbearer.clock.skew.seconds = 30
	sasl.oauthbearer.expected.audience = null
	sasl.oauthbearer.expected.issuer = null
	sasl.oauthbearer.jwks.endpoint.refresh.ms = 3600000
	sasl.oauthbearer.jwks.endpoint.retry.backoff.max.ms = 10000
	sasl.oauthbearer.jwks.endpoint.retry.backoff.ms = 100
	sasl.oauthbearer.jwks.endpoint.url = null
	sasl.oauthbearer.scope.claim.name = scope
	sasl.oauthbearer.sub.claim.name = sub
	sasl.oauthbearer.token.endpoint.url = null
	security.protocol = PLAINTEXT
	security.providers = null
	send.buffer.bytes = 131072
	session.timeout.ms = 45000
	socket.connection.setup.timeout.max.ms = 30000
	socket.connection.setup.timeout.ms = 10000
	ssl.cipher.suites = null
	ssl.enabled.protocols = [TLSv1.2, TLSv1.3]
	ssl.endpoint.identification.algorithm = https
	ssl.engine.factory.class = null
	ssl.key.password = null
	ssl.keymanager.algorithm = SunX509
	ssl.keystore.certificate.chain = null
	ssl.keystore.key = null
	ssl.keystore.location = null
	ssl.keystore.password = null
	ssl.keystore.type = JKS
	ssl.protocol = TLSv1.3
	ssl.provider = null
	ssl.secure.random.implementation = null
	ssl.trustmanager.algorithm = PKIX
	ssl.truststore.certificates = null
	ssl.truststore.location = null
	ssl.truststore.password = null
	ssl.truststore.type = JKS
	value.deserializer = class org.springframework.kafka.support.serializer.JsonDeserializer

2023-09-24T10:43:33.672+05:30  INFO 13436 --- [main] o.a.k.c.u.AppInfoParser                  : Kafka version: 3.4.1
2023-09-24T10:43:33.673+05:30  INFO 13436 --- [main] o.a.k.c.u.AppInfoParser                  : Kafka commitId: 8a516edc2755df89
2023-09-24T10:43:33.674+05:30  INFO 13436 --- [main] o.a.k.c.u.AppInfoParser                  : Kafka startTimeMs: 1695532413672
2023-09-24T10:43:33.675+05:30  INFO 13436 --- [main] o.a.k.c.c.KafkaConsumer                  : [Consumer clientId=consumer-email-2, groupId=email] Subscribed to topic(s): order_topics
2023-09-24T10:43:33.679+05:30  INFO 13436 --- [main] o.a.k.c.c.ConsumerConfig                 : ConsumerConfig values: 
	allow.auto.create.topics = true
	auto.commit.interval.ms = 5000
	auto.include.jmx.reporter = true
	auto.offset.reset = earliest
	bootstrap.servers = [localhost:9092]
	check.crcs = true
	client.dns.lookup = use_all_dns_ips
	client.id = consumer-email-3
	client.rack = 
	connections.max.idle.ms = 540000
	default.api.timeout.ms = 60000
	enable.auto.commit = false
	exclude.internal.topics = true
	fetch.max.bytes = 52428800
	fetch.max.wait.ms = 500
	fetch.min.bytes = 1
	group.id = email
	group.instance.id = null
	heartbeat.interval.ms = 3000
	interceptor.classes = []
	internal.leave.group.on.close = true
	internal.throw.on.fetch.stable.offset.unsupported = false
	isolation.level = read_uncommitted
	key.deserializer = class org.apache.kafka.common.serialization.StringDeserializer
	max.partition.fetch.bytes = 1048576
	max.poll.interval.ms = 300000
	max.poll.records = 500
	metadata.max.age.ms = 300000
	metric.reporters = []
	metrics.num.samples = 2
	metrics.recording.level = INFO
	metrics.sample.window.ms = 30000
	partition.assignment.strategy = [class org.apache.kafka.clients.consumer.RangeAssignor, class org.apache.kafka.clients.consumer.CooperativeStickyAssignor]
	receive.buffer.bytes = 65536
	reconnect.backoff.max.ms = 1000
	reconnect.backoff.ms = 50
	request.timeout.ms = 30000
	retry.backoff.ms = 100
	sasl.client.callback.handler.class = null
	sasl.jaas.config = null
	sasl.kerberos.kinit.cmd = /usr/bin/kinit
	sasl.kerberos.min.time.before.relogin = 60000
	sasl.kerberos.service.name = null
	sasl.kerberos.ticket.renew.jitter = 0.05
	sasl.kerberos.ticket.renew.window.factor = 0.8
	sasl.login.callback.handler.class = null
	sasl.login.class = null
	sasl.login.connect.timeout.ms = null
	sasl.login.read.timeout.ms = null
	sasl.login.refresh.buffer.seconds = 300
	sasl.login.refresh.min.period.seconds = 60
	sasl.login.refresh.window.factor = 0.8
	sasl.login.refresh.window.jitter = 0.05
	sasl.login.retry.backoff.max.ms = 10000
	sasl.login.retry.backoff.ms = 100
	sasl.mechanism = GSSAPI
	sasl.oauthbearer.clock.skew.seconds = 30
	sasl.oauthbearer.expected.audience = null
	sasl.oauthbearer.expected.issuer = null
	sasl.oauthbearer.jwks.endpoint.refresh.ms = 3600000
	sasl.oauthbearer.jwks.endpoint.retry.backoff.max.ms = 10000
	sasl.oauthbearer.jwks.endpoint.retry.backoff.ms = 100
	sasl.oauthbearer.jwks.endpoint.url = null
	sasl.oauthbearer.scope.claim.name = scope
	sasl.oauthbearer.sub.claim.name = sub
	sasl.oauthbearer.token.endpoint.url = null
	security.protocol = PLAINTEXT
	security.providers = null
	send.buffer.bytes = 131072
	session.timeout.ms = 45000
	socket.connection.setup.timeout.max.ms = 30000
	socket.connection.setup.timeout.ms = 10000
	ssl.cipher.suites = null
	ssl.enabled.protocols = [TLSv1.2, TLSv1.3]
	ssl.endpoint.identification.algorithm = https
	ssl.engine.factory.class = null
	ssl.key.password = null
	ssl.keymanager.algorithm = SunX509
	ssl.keystore.certificate.chain = null
	ssl.keystore.key = null
	ssl.keystore.location = null
	ssl.keystore.password = null
	ssl.keystore.type = JKS
	ssl.protocol = TLSv1.3
	ssl.provider = null
	ssl.secure.random.implementation = null
	ssl.trustmanager.algorithm = PKIX
	ssl.truststore.certificates = null
	ssl.truststore.location = null
	ssl.truststore.password = null
	ssl.truststore.type = JKS
	value.deserializer = class org.springframework.kafka.support.serializer.JsonDeserializer

2023-09-24T10:43:33.687+05:30  INFO 13436 --- [main] o.a.k.c.u.AppInfoParser                  : Kafka version: 3.4.1
2023-09-24T10:43:33.687+05:30  INFO 13436 --- [main] o.a.k.c.u.AppInfoParser                  : Kafka commitId: 8a516edc2755df89
2023-09-24T10:43:33.687+05:30  INFO 13436 --- [main] o.a.k.c.u.AppInfoParser                  : Kafka startTimeMs: 1695532413687
2023-09-24T10:43:33.688+05:30  INFO 13436 --- [main] o.a.k.c.c.KafkaConsumer                  : [Consumer clientId=consumer-email-3, groupId=email] Subscribed to topic(s): user_topics
2023-09-24T10:43:33.696+05:30  INFO 13436 --- [main] c.r.EmailServiceApplication              : Started EmailServiceApplication in 2.982 seconds (process running for 6.679)
2023-09-24T10:43:34.043+05:30  INFO 13436 --- [org.springframework.kafka.KafkaListenerEndpointContainer#0-0-C-1] o.a.k.c.Metadata                         : [Consumer clientId=consumer-email-2, groupId=email] Resetting the last seen epoch of partition order_topics-0 to 2 since the associated topicId changed from null to 7POK8pX_SrywfIMjCIlK1A
2023-09-24T10:43:34.047+05:30  INFO 13436 --- [org.springframework.kafka.KafkaListenerEndpointContainer#0-0-C-1] o.a.k.c.Metadata                         : [Consumer clientId=consumer-email-2, groupId=email] Cluster ID: tgxzKXmtQle4W3JQ56y86A
2023-09-24T10:43:34.043+05:30  INFO 13436 --- [org.springframework.kafka.KafkaListenerEndpointContainer#1-0-C-1] o.a.k.c.Metadata                         : [Consumer clientId=consumer-email-3, groupId=email] Resetting the last seen epoch of partition user_topics-0 to 0 since the associated topicId changed from null to J1KMXtcVScubAw7FaDZhAw
2023-09-24T10:43:34.051+05:30  INFO 13436 --- [org.springframework.kafka.KafkaListenerEndpointContainer#1-0-C-1] o.a.k.c.Metadata                         : [Consumer clientId=consumer-email-3, groupId=email] Cluster ID: tgxzKXmtQle4W3JQ56y86A
2023-09-24T10:43:34.068+05:30  INFO 13436 --- [org.springframework.kafka.KafkaListenerEndpointContainer#0-0-C-1] o.a.k.c.c.i.ConsumerCoordinator          : [Consumer clientId=consumer-email-2, groupId=email] Discovered group coordinator LAPTOP-HU6AF26H:9092 (id: 2147483647 rack: null)
2023-09-24T10:43:34.069+05:30  INFO 13436 --- [org.springframework.kafka.KafkaListenerEndpointContainer#1-0-C-1] o.a.k.c.c.i.ConsumerCoordinator          : [Consumer clientId=consumer-email-3, groupId=email] Discovered group coordinator LAPTOP-HU6AF26H:9092 (id: 2147483647 rack: null)
2023-09-24T10:43:34.074+05:30  INFO 13436 --- [org.springframework.kafka.KafkaListenerEndpointContainer#0-0-C-1] o.a.k.c.c.i.ConsumerCoordinator          : [Consumer clientId=consumer-email-2, groupId=email] (Re-)joining group
2023-09-24T10:43:34.074+05:30  INFO 13436 --- [org.springframework.kafka.KafkaListenerEndpointContainer#1-0-C-1] o.a.k.c.c.i.ConsumerCoordinator          : [Consumer clientId=consumer-email-3, groupId=email] (Re-)joining group
2023-09-24T10:43:34.138+05:30  INFO 13436 --- [org.springframework.kafka.KafkaListenerEndpointContainer#1-0-C-1] o.a.k.c.c.i.ConsumerCoordinator          : [Consumer clientId=consumer-email-3, groupId=email] Request joining group due to: need to re-join with the given member-id: consumer-email-3-0b884b14-3ce9-4eba-ba0c-554b3e9aa85a
2023-09-24T10:43:34.138+05:30  INFO 13436 --- [org.springframework.kafka.KafkaListenerEndpointContainer#0-0-C-1] o.a.k.c.c.i.ConsumerCoordinator          : [Consumer clientId=consumer-email-2, groupId=email] Request joining group due to: need to re-join with the given member-id: consumer-email-2-cc03fa80-f9f2-470e-b0c6-41b6fc2675d7
2023-09-24T10:43:34.138+05:30  INFO 13436 --- [org.springframework.kafka.KafkaListenerEndpointContainer#1-0-C-1] o.a.k.c.c.i.ConsumerCoordinator          : [Consumer clientId=consumer-email-3, groupId=email] Request joining group due to: rebalance failed due to 'The group member needs to have a valid member id before actually entering a consumer group.' (MemberIdRequiredException)
2023-09-24T10:43:34.138+05:30  INFO 13436 --- [org.springframework.kafka.KafkaListenerEndpointContainer#0-0-C-1] o.a.k.c.c.i.ConsumerCoordinator          : [Consumer clientId=consumer-email-2, groupId=email] Request joining group due to: rebalance failed due to 'The group member needs to have a valid member id before actually entering a consumer group.' (MemberIdRequiredException)
2023-09-24T10:43:34.138+05:30  INFO 13436 --- [org.springframework.kafka.KafkaListenerEndpointContainer#1-0-C-1] o.a.k.c.c.i.ConsumerCoordinator          : [Consumer clientId=consumer-email-3, groupId=email] (Re-)joining group
2023-09-24T10:43:34.139+05:30  INFO 13436 --- [org.springframework.kafka.KafkaListenerEndpointContainer#0-0-C-1] o.a.k.c.c.i.ConsumerCoordinator          : [Consumer clientId=consumer-email-2, groupId=email] (Re-)joining group
2023-09-24T10:43:34.153+05:30  WARN 13436 --- [org.springframework.kafka.KafkaListenerEndpointContainer#2-0-C-1] o.a.k.c.NetworkClient                    : [Consumer clientId=consumer-email-1, groupId=email] Error while fetching metadata with correlation id 2 : {bulk_notification=LEADER_NOT_AVAILABLE}
2023-09-24T10:43:34.153+05:30  INFO 13436 --- [org.springframework.kafka.KafkaListenerEndpointContainer#2-0-C-1] o.a.k.c.Metadata                         : [Consumer clientId=consumer-email-1, groupId=email] Cluster ID: tgxzKXmtQle4W3JQ56y86A
2023-09-24T10:43:34.154+05:30  INFO 13436 --- [org.springframework.kafka.KafkaListenerEndpointContainer#2-0-C-1] o.a.k.c.c.i.ConsumerCoordinator          : [Consumer clientId=consumer-email-1, groupId=email] Discovered group coordinator LAPTOP-HU6AF26H:9092 (id: 2147483647 rack: null)
2023-09-24T10:43:34.155+05:30  INFO 13436 --- [org.springframework.kafka.KafkaListenerEndpointContainer#2-0-C-1] o.a.k.c.c.i.ConsumerCoordinator          : [Consumer clientId=consumer-email-1, groupId=email] (Re-)joining group
2023-09-24T10:43:34.167+05:30  INFO 13436 --- [org.springframework.kafka.KafkaListenerEndpointContainer#2-0-C-1] o.a.k.c.c.i.ConsumerCoordinator          : [Consumer clientId=consumer-email-1, groupId=email] Request joining group due to: need to re-join with the given member-id: consumer-email-1-3e26740b-eb2e-4678-a70c-4c1d6c511cec
2023-09-24T10:43:34.168+05:30  INFO 13436 --- [org.springframework.kafka.KafkaListenerEndpointContainer#2-0-C-1] o.a.k.c.c.i.ConsumerCoordinator          : [Consumer clientId=consumer-email-1, groupId=email] Request joining group due to: rebalance failed due to 'The group member needs to have a valid member id before actually entering a consumer group.' (MemberIdRequiredException)
2023-09-24T10:43:34.168+05:30  INFO 13436 --- [org.springframework.kafka.KafkaListenerEndpointContainer#2-0-C-1] o.a.k.c.c.i.ConsumerCoordinator          : [Consumer clientId=consumer-email-1, groupId=email] (Re-)joining group
2023-09-24T10:43:34.202+05:30  INFO 13436 --- [org.springframework.kafka.KafkaListenerEndpointContainer#1-0-C-1] o.a.k.c.c.i.ConsumerCoordinator          : [Consumer clientId=consumer-email-3, groupId=email] Successfully joined group with generation Generation{generationId=29, memberId='consumer-email-3-0b884b14-3ce9-4eba-ba0c-554b3e9aa85a', protocol='range'}
2023-09-24T10:43:34.202+05:30  INFO 13436 --- [org.springframework.kafka.KafkaListenerEndpointContainer#2-0-C-1] o.a.k.c.c.i.ConsumerCoordinator          : [Consumer clientId=consumer-email-1, groupId=email] Successfully joined group with generation Generation{generationId=29, memberId='consumer-email-1-3e26740b-eb2e-4678-a70c-4c1d6c511cec', protocol='range'}
2023-09-24T10:43:34.203+05:30  INFO 13436 --- [org.springframework.kafka.KafkaListenerEndpointContainer#0-0-C-1] o.a.k.c.c.i.ConsumerCoordinator          : [Consumer clientId=consumer-email-2, groupId=email] Successfully joined group with generation Generation{generationId=29, memberId='consumer-email-2-cc03fa80-f9f2-470e-b0c6-41b6fc2675d7', protocol='range'}
2023-09-24T10:43:34.215+05:30  WARN 13436 --- [org.springframework.kafka.KafkaListenerEndpointContainer#1-0-C-1] o.a.k.c.NetworkClient                    : [Consumer clientId=consumer-email-3, groupId=email] Error while fetching metadata with correlation id 7 : {bulk_notification=LEADER_NOT_AVAILABLE}
2023-09-24T10:43:34.215+05:30  INFO 13436 --- [org.springframework.kafka.KafkaListenerEndpointContainer#1-0-C-1] o.a.k.c.Metadata                         : [Consumer clientId=consumer-email-3, groupId=email] Resetting the last seen epoch of partition order_topics-0 to 2 since the associated topicId changed from null to 7POK8pX_SrywfIMjCIlK1A
2023-09-24T10:43:34.218+05:30  INFO 13436 --- [org.springframework.kafka.KafkaListenerEndpointContainer#1-0-C-1] o.a.k.c.c.i.ConsumerCoordinator          : [Consumer clientId=consumer-email-3, groupId=email] Finished assignment for group at generation 29: {consumer-email-3-0b884b14-3ce9-4eba-ba0c-554b3e9aa85a=Assignment(partitions=[user_topics-0]), consumer-email-1-3e26740b-eb2e-4678-a70c-4c1d6c511cec=Assignment(partitions=[]), consumer-email-2-cc03fa80-f9f2-470e-b0c6-41b6fc2675d7=Assignment(partitions=[order_topics-0])}
2023-09-24T10:43:34.257+05:30  INFO 13436 --- [org.springframework.kafka.KafkaListenerEndpointContainer#2-0-C-1] o.a.k.c.Metadata                         : [Consumer clientId=consumer-email-1, groupId=email] Resetting the last seen epoch of partition bulk_notification-0 to 0 since the associated topicId changed from null to GTkIR2QaQLG4ovKtC6UZUA
2023-09-24T10:43:34.286+05:30  INFO 13436 --- [org.springframework.kafka.KafkaListenerEndpointContainer#2-0-C-1] o.a.k.c.c.i.ConsumerCoordinator          : [Consumer clientId=consumer-email-1, groupId=email] Successfully synced group in generation Generation{generationId=29, memberId='consumer-email-1-3e26740b-eb2e-4678-a70c-4c1d6c511cec', protocol='range'}
2023-09-24T10:43:34.286+05:30  INFO 13436 --- [org.springframework.kafka.KafkaListenerEndpointContainer#1-0-C-1] o.a.k.c.c.i.ConsumerCoordinator          : [Consumer clientId=consumer-email-3, groupId=email] Successfully synced group in generation Generation{generationId=29, memberId='consumer-email-3-0b884b14-3ce9-4eba-ba0c-554b3e9aa85a', protocol='range'}
2023-09-24T10:43:34.286+05:30  INFO 13436 --- [org.springframework.kafka.KafkaListenerEndpointContainer#0-0-C-1] o.a.k.c.c.i.ConsumerCoordinator          : [Consumer clientId=consumer-email-2, groupId=email] Successfully synced group in generation Generation{generationId=29, memberId='consumer-email-2-cc03fa80-f9f2-470e-b0c6-41b6fc2675d7', protocol='range'}
2023-09-24T10:43:34.286+05:30  INFO 13436 --- [org.springframework.kafka.KafkaListenerEndpointContainer#2-0-C-1] o.a.k.c.c.i.ConsumerCoordinator          : [Consumer clientId=consumer-email-1, groupId=email] Notifying assignor about the new Assignment(partitions=[])
2023-09-24T10:43:34.286+05:30  INFO 13436 --- [org.springframework.kafka.KafkaListenerEndpointContainer#1-0-C-1] o.a.k.c.c.i.ConsumerCoordinator          : [Consumer clientId=consumer-email-3, groupId=email] Notifying assignor about the new Assignment(partitions=[user_topics-0])
2023-09-24T10:43:34.287+05:30  INFO 13436 --- [org.springframework.kafka.KafkaListenerEndpointContainer#0-0-C-1] o.a.k.c.c.i.ConsumerCoordinator          : [Consumer clientId=consumer-email-2, groupId=email] Notifying assignor about the new Assignment(partitions=[order_topics-0])
2023-09-24T10:43:34.287+05:30  INFO 13436 --- [org.springframework.kafka.KafkaListenerEndpointContainer#2-0-C-1] o.a.k.c.c.i.ConsumerCoordinator          : [Consumer clientId=consumer-email-1, groupId=email] Adding newly assigned partitions: 
2023-09-24T10:43:34.288+05:30  INFO 13436 --- [org.springframework.kafka.KafkaListenerEndpointContainer#2-0-C-1] o.s.k.l.KafkaMessageListenerContainer    : email: partitions assigned: []
2023-09-24T10:43:34.290+05:30  INFO 13436 --- [org.springframework.kafka.KafkaListenerEndpointContainer#0-0-C-1] o.a.k.c.c.i.ConsumerCoordinator          : [Consumer clientId=consumer-email-2, groupId=email] Adding newly assigned partitions: order_topics-0
2023-09-24T10:43:34.290+05:30  INFO 13436 --- [org.springframework.kafka.KafkaListenerEndpointContainer#1-0-C-1] o.a.k.c.c.i.ConsumerCoordinator          : [Consumer clientId=consumer-email-3, groupId=email] Adding newly assigned partitions: user_topics-0
2023-09-24T10:43:34.318+05:30  INFO 13436 --- [org.springframework.kafka.KafkaListenerEndpointContainer#0-0-C-1] o.a.k.c.c.i.ConsumerCoordinator          : [Consumer clientId=consumer-email-2, groupId=email] Setting offset for partition order_topics-0 to the committed offset FetchPosition{offset=4, offsetEpoch=Optional.empty, currentLeader=LeaderAndEpoch{leader=Optional[LAPTOP-HU6AF26H:9092 (id: 0 rack: null)], epoch=2}}
2023-09-24T10:43:34.318+05:30  INFO 13436 --- [org.springframework.kafka.KafkaListenerEndpointContainer#1-0-C-1] o.a.k.c.c.i.ConsumerCoordinator          : [Consumer clientId=consumer-email-3, groupId=email] Setting offset for partition user_topics-0 to the committed offset FetchPosition{offset=8, offsetEpoch=Optional.empty, currentLeader=LeaderAndEpoch{leader=Optional[LAPTOP-HU6AF26H:9092 (id: 0 rack: null)], epoch=0}}
2023-09-24T10:43:34.319+05:30  INFO 13436 --- [org.springframework.kafka.KafkaListenerEndpointContainer#0-0-C-1] o.s.k.l.KafkaMessageListenerContainer    : email: partitions assigned: [order_topics-0]
2023-09-24T10:43:34.319+05:30  INFO 13436 --- [org.springframework.kafka.KafkaListenerEndpointContainer#1-0-C-1] o.a.k.c.Metadata                         : [Consumer clientId=consumer-email-3, groupId=email] Resetting the last seen epoch of partition bulk_notification-0 to 0 since the associated topicId changed from null to GTkIR2QaQLG4ovKtC6UZUA
2023-09-24T10:43:34.320+05:30  INFO 13436 --- [org.springframework.kafka.KafkaListenerEndpointContainer#1-0-C-1] o.s.k.l.KafkaMessageListenerContainer    : email: partitions assigned: [user_topics-0]
2023-09-24T10:43:34.936+05:30  INFO 13436 --- [org.springframework.kafka.KafkaListenerEndpointContainer#1-0-C-1] o.a.k.c.c.i.ConsumerCoordinator          : [Consumer clientId=consumer-email-3, groupId=email] Request joining group due to: cached metadata has changed from (version3: {order_topics=1, user_topics=1}) at the beginning of the rebalance to (version4: {order_topics=1, user_topics=1, bulk_notification=1})
2023-09-24T10:43:34.937+05:30  INFO 13436 --- [org.springframework.kafka.KafkaListenerEndpointContainer#1-0-C-1] o.a.k.c.c.i.ConsumerCoordinator          : [Consumer clientId=consumer-email-3, groupId=email] Revoke previously assigned partitions user_topics-0
2023-09-24T10:43:34.937+05:30  INFO 13436 --- [org.springframework.kafka.KafkaListenerEndpointContainer#1-0-C-1] o.s.k.l.KafkaMessageListenerContainer    : email: partitions revoked: [user_topics-0]
2023-09-24T10:43:34.939+05:30  INFO 13436 --- [org.springframework.kafka.KafkaListenerEndpointContainer#1-0-C-1] o.a.k.c.c.i.ConsumerCoordinator          : [Consumer clientId=consumer-email-3, groupId=email] (Re-)joining group
2023-09-24T10:43:37.216+05:30  INFO 13436 --- [org.springframework.kafka.KafkaListenerEndpointContainer#0-0-C-1] o.a.k.c.c.i.ConsumerCoordinator          : [Consumer clientId=consumer-email-2, groupId=email] Request joining group due to: group is already rebalancing
2023-09-24T10:43:37.216+05:30  INFO 13436 --- [org.springframework.kafka.KafkaListenerEndpointContainer#0-0-C-1] o.a.k.c.c.i.ConsumerCoordinator          : [Consumer clientId=consumer-email-2, groupId=email] Revoke previously assigned partitions order_topics-0
2023-09-24T10:43:37.217+05:30  INFO 13436 --- [org.springframework.kafka.KafkaListenerEndpointContainer#0-0-C-1] o.s.k.l.KafkaMessageListenerContainer    : email: partitions revoked: [order_topics-0]
2023-09-24T10:43:37.217+05:30  INFO 13436 --- [org.springframework.kafka.KafkaListenerEndpointContainer#0-0-C-1] o.a.k.c.c.i.ConsumerCoordinator          : [Consumer clientId=consumer-email-2, groupId=email] (Re-)joining group
2023-09-24T10:43:37.218+05:30  INFO 13436 --- [org.springframework.kafka.KafkaListenerEndpointContainer#2-0-C-1] o.a.k.c.c.i.ConsumerCoordinator          : [Consumer clientId=consumer-email-1, groupId=email] Request joining group due to: group is already rebalancing
2023-09-24T10:43:37.219+05:30  INFO 13436 --- [org.springframework.kafka.KafkaListenerEndpointContainer#2-0-C-1] o.a.k.c.c.i.ConsumerCoordinator          : [Consumer clientId=consumer-email-1, groupId=email] Revoke previously assigned partitions 
2023-09-24T10:43:37.219+05:30  INFO 13436 --- [org.springframework.kafka.KafkaListenerEndpointContainer#2-0-C-1] o.s.k.l.KafkaMessageListenerContainer    : email: partitions revoked: []
2023-09-24T10:43:37.219+05:30  INFO 13436 --- [org.springframework.kafka.KafkaListenerEndpointContainer#2-0-C-1] o.a.k.c.c.i.ConsumerCoordinator          : [Consumer clientId=consumer-email-1, groupId=email] (Re-)joining group
2023-09-24T10:43:37.222+05:30  INFO 13436 --- [org.springframework.kafka.KafkaListenerEndpointContainer#1-0-C-1] o.a.k.c.c.i.ConsumerCoordinator          : [Consumer clientId=consumer-email-3, groupId=email] Successfully joined group with generation Generation{generationId=30, memberId='consumer-email-3-0b884b14-3ce9-4eba-ba0c-554b3e9aa85a', protocol='range'}
2023-09-24T10:43:37.223+05:30  INFO 13436 --- [org.springframework.kafka.KafkaListenerEndpointContainer#0-0-C-1] o.a.k.c.c.i.ConsumerCoordinator          : [Consumer clientId=consumer-email-2, groupId=email] Successfully joined group with generation Generation{generationId=30, memberId='consumer-email-2-cc03fa80-f9f2-470e-b0c6-41b6fc2675d7', protocol='range'}
2023-09-24T10:43:37.223+05:30  INFO 13436 --- [org.springframework.kafka.KafkaListenerEndpointContainer#2-0-C-1] o.a.k.c.c.i.ConsumerCoordinator          : [Consumer clientId=consumer-email-1, groupId=email] Successfully joined group with generation Generation{generationId=30, memberId='consumer-email-1-3e26740b-eb2e-4678-a70c-4c1d6c511cec', protocol='range'}
2023-09-24T10:43:37.227+05:30  INFO 13436 --- [org.springframework.kafka.KafkaListenerEndpointContainer#1-0-C-1] o.a.k.c.c.i.ConsumerCoordinator          : [Consumer clientId=consumer-email-3, groupId=email] Finished assignment for group at generation 30: {consumer-email-3-0b884b14-3ce9-4eba-ba0c-554b3e9aa85a=Assignment(partitions=[user_topics-0]), consumer-email-1-3e26740b-eb2e-4678-a70c-4c1d6c511cec=Assignment(partitions=[bulk_notification-0]), consumer-email-2-cc03fa80-f9f2-470e-b0c6-41b6fc2675d7=Assignment(partitions=[order_topics-0])}
2023-09-24T10:43:37.232+05:30  INFO 13436 --- [org.springframework.kafka.KafkaListenerEndpointContainer#2-0-C-1] o.a.k.c.c.i.ConsumerCoordinator          : [Consumer clientId=consumer-email-1, groupId=email] Successfully synced group in generation Generation{generationId=30, memberId='consumer-email-1-3e26740b-eb2e-4678-a70c-4c1d6c511cec', protocol='range'}
2023-09-24T10:43:37.232+05:30  INFO 13436 --- [org.springframework.kafka.KafkaListenerEndpointContainer#2-0-C-1] o.a.k.c.c.i.ConsumerCoordinator          : [Consumer clientId=consumer-email-1, groupId=email] Notifying assignor about the new Assignment(partitions=[bulk_notification-0])
2023-09-24T10:43:37.232+05:30  INFO 13436 --- [org.springframework.kafka.KafkaListenerEndpointContainer#2-0-C-1] o.a.k.c.c.i.ConsumerCoordinator          : [Consumer clientId=consumer-email-1, groupId=email] Adding newly assigned partitions: bulk_notification-0
2023-09-24T10:43:37.232+05:30  INFO 13436 --- [org.springframework.kafka.KafkaListenerEndpointContainer#0-0-C-1] o.a.k.c.c.i.ConsumerCoordinator          : [Consumer clientId=consumer-email-2, groupId=email] Successfully synced group in generation Generation{generationId=30, memberId='consumer-email-2-cc03fa80-f9f2-470e-b0c6-41b6fc2675d7', protocol='range'}
2023-09-24T10:43:37.232+05:30  INFO 13436 --- [org.springframework.kafka.KafkaListenerEndpointContainer#0-0-C-1] o.a.k.c.c.i.ConsumerCoordinator          : [Consumer clientId=consumer-email-2, groupId=email] Notifying assignor about the new Assignment(partitions=[order_topics-0])
2023-09-24T10:43:37.232+05:30  INFO 13436 --- [org.springframework.kafka.KafkaListenerEndpointContainer#0-0-C-1] o.a.k.c.c.i.ConsumerCoordinator          : [Consumer clientId=consumer-email-2, groupId=email] Adding newly assigned partitions: order_topics-0
2023-09-24T10:43:37.232+05:30  INFO 13436 --- [org.springframework.kafka.KafkaListenerEndpointContainer#1-0-C-1] o.a.k.c.c.i.ConsumerCoordinator          : [Consumer clientId=consumer-email-3, groupId=email] Successfully synced group in generation Generation{generationId=30, memberId='consumer-email-3-0b884b14-3ce9-4eba-ba0c-554b3e9aa85a', protocol='range'}
2023-09-24T10:43:37.233+05:30  INFO 13436 --- [org.springframework.kafka.KafkaListenerEndpointContainer#1-0-C-1] o.a.k.c.c.i.ConsumerCoordinator          : [Consumer clientId=consumer-email-3, groupId=email] Notifying assignor about the new Assignment(partitions=[user_topics-0])
2023-09-24T10:43:37.233+05:30  INFO 13436 --- [org.springframework.kafka.KafkaListenerEndpointContainer#1-0-C-1] o.a.k.c.c.i.ConsumerCoordinator          : [Consumer clientId=consumer-email-3, groupId=email] Adding newly assigned partitions: user_topics-0
2023-09-24T10:43:37.234+05:30  INFO 13436 --- [org.springframework.kafka.KafkaListenerEndpointContainer#0-0-C-1] o.a.k.c.c.i.ConsumerCoordinator          : [Consumer clientId=consumer-email-2, groupId=email] Setting offset for partition order_topics-0 to the committed offset FetchPosition{offset=4, offsetEpoch=Optional.empty, currentLeader=LeaderAndEpoch{leader=Optional[LAPTOP-HU6AF26H:9092 (id: 0 rack: null)], epoch=2}}
2023-09-24T10:43:37.234+05:30  INFO 13436 --- [org.springframework.kafka.KafkaListenerEndpointContainer#0-0-C-1] o.s.k.l.KafkaMessageListenerContainer    : email: partitions assigned: [order_topics-0]
2023-09-24T10:43:37.235+05:30  INFO 13436 --- [org.springframework.kafka.KafkaListenerEndpointContainer#1-0-C-1] o.a.k.c.c.i.ConsumerCoordinator          : [Consumer clientId=consumer-email-3, groupId=email] Setting offset for partition user_topics-0 to the committed offset FetchPosition{offset=8, offsetEpoch=Optional.empty, currentLeader=LeaderAndEpoch{leader=Optional[LAPTOP-HU6AF26H:9092 (id: 0 rack: null)], epoch=0}}
2023-09-24T10:43:37.235+05:30  INFO 13436 --- [org.springframework.kafka.KafkaListenerEndpointContainer#2-0-C-1] o.a.k.c.c.i.ConsumerCoordinator          : [Consumer clientId=consumer-email-1, groupId=email] Found no committed offset for partition bulk_notification-0
2023-09-24T10:43:37.235+05:30  INFO 13436 --- [org.springframework.kafka.KafkaListenerEndpointContainer#1-0-C-1] o.s.k.l.KafkaMessageListenerContainer    : email: partitions assigned: [user_topics-0]
2023-09-24T10:43:37.253+05:30  INFO 13436 --- [org.springframework.kafka.KafkaListenerEndpointContainer#2-0-C-1] o.a.k.c.c.i.SubscriptionState            : [Consumer clientId=consumer-email-1, groupId=email] Resetting offset for partition bulk_notification-0 to position FetchPosition{offset=0, offsetEpoch=Optional.empty, currentLeader=LeaderAndEpoch{leader=Optional[LAPTOP-HU6AF26H:9092 (id: 0 rack: null)], epoch=0}}.
2023-09-24T10:43:37.253+05:30  INFO 13436 --- [org.springframework.kafka.KafkaListenerEndpointContainer#2-0-C-1] o.s.k.l.KafkaMessageListenerContainer    : email: partitions assigned: [bulk_notification-0]
2023-09-24T10:48:30.140+05:30  INFO 13436 --- [org.springframework.kafka.KafkaListenerEndpointContainer#1-0-C-1] c.k.OrderConsumer                        : Received OrderEvent: RegisterEvent{email='chips@gmail.com', message='User with ID chips@gmail.com has signed up.'}
2023-09-24T10:48:59.703+05:30  INFO 13436 --- [org.springframework.kafka.KafkaListenerEndpointContainer#0-0-C-1] c.k.OrderConsumer                        : Order event recieved in email service => %models
2023-09-24T10:49:03.330+05:30  INFO 13436 --- [org.springframework.kafka.KafkaListenerEndpointContainer#0-0-C-1] c.k.OrderConsumer                        : Order event recieved in email service => %models
2023-09-24T10:50:20.138+05:30  INFO 13436 --- [http-nio-8084-exec-1] o.a.c.c.C.[.[.[/]                        : Initializing Spring DispatcherServlet 'dispatcherServlet'
2023-09-24T10:50:20.139+05:30  INFO 13436 --- [http-nio-8084-exec-1] o.s.w.s.DispatcherServlet                : Initializing Servlet 'dispatcherServlet'
2023-09-24T10:50:20.142+05:30  INFO 13436 --- [http-nio-8084-exec-1] o.s.w.s.DispatcherServlet                : Completed initialization in 3 ms
2023-09-24T10:50:20.261+05:30  INFO 13436 --- [http-nio-8084-exec-1] c.c.MessageController                    : Order place......notification is been sent to userchips@gmail.com
2023-09-24T10:50:20.643+05:30  INFO 13436 --- [http-nio-8084-exec-4] c.c.MessageController                    : Order place......notification is been sent to userchips@gmail.com
2023-09-24T10:50:20.900+05:30  INFO 13436 --- [http-nio-8084-exec-3] c.c.MessageController                    : Order place......notification is been sent to userchips@gmail.com
2023-09-24T10:51:18.377+05:30  INFO 13436 --- [http-nio-8084-exec-2] c.c.MessageController                    : The user has viewed the notification(seen)
2023-09-24T10:52:06.222+05:30  INFO 13436 --- [org.springframework.kafka.KafkaListenerEndpointContainer#0-0-C-1] c.k.OrderConsumer                        : Order event recieved in email service => %models
2023-09-24T10:52:09.854+05:30  INFO 13436 --- [org.springframework.kafka.KafkaListenerEndpointContainer#0-0-C-1] c.k.OrderConsumer                        : Order event recieved in email service => %models
2023-09-24T10:52:18.864+05:30  INFO 13436 --- [http-nio-8084-exec-9] c.c.MessageController                    : Order place......notification is been sent to userchips@gmail.com
2023-09-24T10:52:19.123+05:30  INFO 13436 --- [http-nio-8084-exec-6] c.c.MessageController                    : Order place......notification is been sent to userchips@gmail.com
2023-09-24T10:52:19.380+05:30  INFO 13436 --- [http-nio-8084-exec-7] c.c.MessageController                    : Order place......notification is been sent to userchips@gmail.com
2023-09-24T10:52:34.107+05:30  INFO 13436 --- [kafka-coordinator-heartbeat-thread | email] o.a.k.c.NetworkClient                    : [Consumer clientId=consumer-email-2, groupId=email] Node -1 disconnected.
2023-09-24T10:52:34.444+05:30  INFO 13436 --- [http-nio-8084-exec-10] c.c.MessageController                    : The user has viewed the notification(seen)
2023-09-24T10:52:34.449+05:30  INFO 13436 --- [org.springframework.kafka.KafkaListenerEndpointContainer#1-0-C-1] o.a.k.c.NetworkClient                    : [Consumer clientId=consumer-email-3, groupId=email] Node -1 disconnected.
2023-09-24T10:52:34.451+05:30  INFO 13436 --- [org.springframework.kafka.KafkaListenerEndpointContainer#2-0-C-1] o.a.k.c.NetworkClient                    : [Consumer clientId=consumer-email-1, groupId=email] Node -1 disconnected.
